
[25.12.2022 19:09:26] [Bootstrap]: Incoming Main : 5.0.6.0
[25.12.2022 19:09:26] [Application]: ApplicationManager.Init()
[25.12.2022 19:09:26] [Application]: ApplicationManager.InitPreInitialization()
[25.12.2022 19:09:26] [Application]: ApplicationManager.InitPolicyAccess()
[25.12.2022 19:09:26] [Application]: ApplicationManager.CheckPrimitivePrivilege()
[25.12.2022 19:09:26] [Application]: ApplicationManager.CheckSteam()
[25.12.2022 19:09:34] [UI]: UIManager.Init()
[25.12.2022 19:09:34] [Process]: ProcessManager.Init()
[25.12.2022 19:09:34] [Process]: ProcessManager.PreStartCheck()
[25.12.2022 19:09:35] [Process]: ProcessManager.AntiCheatServerInit()
[25.12.2022 19:09:35] [Key]: KeyManager.Init
[25.12.2022 19:09:35] [Discord]: DiscordManager.Init()
[25.12.2022 19:09:35] [Network]: NetworkManager.Init()
[25.12.2022 19:09:35] [Application]: ApplicationManager.InitBaseAccount()
[25.12.2022 19:09:35] [Application]: ApplicationManager.InitBaseAccount::ConnectedAccount: 76561199384398879
[25.12.2022 19:09:35] [Application]: ApplicationManager.StartApplicationWorker()
[25.12.2022 19:09:40] [Application]: ApplicationManager.OnApplicationInitialized()
[25.12.2022 19:09:40] [Network]: NetworkManager.Start()
[25.12.2022 19:09:41] [Network]: NetworkManager.OnNetworkConnected()
[25.12.2022 19:09:41] [AntiCheat]: AntiCheatManager.OnNetworkConnected()
[25.12.2022 19:09:43] [AntiCheat]: AntiCheatManager.OnNetworkAuthResultPacket: True
[25.12.2022 19:09:43] [AntiCheat]: AntiCheatManager.OnNetworkProcessesSystemReady
[25.12.2022 19:09:52] [UIManager]: InitThread::Shutdown
[25.12.2022 19:09:52] [Application]: Finish...
[25.12.2022 19:09:52] [Key]: KeyManager.Shutdown
[25.12.2022 19:09:52] [Process]: ProcessManager.Shutdown()
[25.12.2022 19:09:52] [Bootstrap]: End of the main thread...
[25.12.2022 19:09:52] [Discord]: DiscordManager.Shutdown()
[25.12.2022 19:09:52] [UI]: UIManager.Shutdown()
[25.12.2022 19:17:09] [Bootstrap]: Incoming Main : 5.0.6.1
[25.12.2022 19:17:09] [Application]: ApplicationManager.Init()
[25.12.2022 19:17:09] [Application]: ApplicationManager.InitPreInitialization()
[25.12.2022 19:17:09] [Application]: ApplicationManager.InitPolicyAccess()
[25.12.2022 19:17:09] [Application]: ApplicationManager.CheckPrimitivePrivilege()
[25.12.2022 19:17:09] [Application]: ApplicationManager.CheckSteam()
[25.12.2022 19:17:17] [UI]: UIManager.Init()
[25.12.2022 19:17:17] [Process]: ProcessManager.Init()
[25.12.2022 19:17:17] [Process]: ProcessManager.PreStartCheck()
[25.12.2022 19:17:18] [Process]: ProcessManager.AntiCheatServerInit()
[25.12.2022 19:17:18] [Key]: KeyManager.Init
[25.12.2022 19:17:18] [Discord]: DiscordManager.Init()
[25.12.2022 19:17:18] [Network]: NetworkManager.Init()
[25.12.2022 19:17:18] [Application]: ApplicationManager.InitBaseAccount()
[25.12.2022 19:17:18] [Application]: ApplicationManager.InitBaseAccount::ConnectedAccount: 76561199384398879
[25.12.2022 19:17:18] [Application]: ApplicationManager.StartApplicationWorker()
[25.12.2022 19:17:23] [Application]: ApplicationManager.OnApplicationInitialized()
[25.12.2022 19:17:23] [Network]: NetworkManager.Start()
[25.12.2022 19:17:24] [Network]: NetworkManager.OnNetworkConnected()
[25.12.2022 19:17:24] [AntiCheat]: AntiCheatManager.OnNetworkConnected()
[25.12.2022 19:17:24] [Network]: NetworkManager.OnNetworkClose(Abnormal, An exception has occurred while receiving.)
[25.12.2022 19:17:25] [AntiCheat]: AntiCheatManager.OnNetworkDisconnected(An exception has occurred while receiving.)
[25.12.2022 19:17:25] [AntiCheat]: AntiCheatManager.OnNetworkBadVersionPacket
[25.12.2022 19:17:28] [AntiCheat]: AntiCheatManager.OnNetworkDisconnected::DetectedNoReconnect
[25.12.2022 19:17:31] [UIManager]: InitThread::Shutdown
[25.12.2022 19:17:31] [Application]: Finish...
[25.12.2022 19:17:31] [Key]: KeyManager.Shutdown
[25.12.2022 19:17:31] [Bootstrap]: End of the main thread...
[25.12.2022 19:17:31] [Process]: ProcessManager.Shutdown()
[25.12.2022 19:17:31] [Discord]: DiscordManager.Shutdown()
[25.12.2022 19:17:31] [UI]: UIManager.Shutdown()